[2026-02-05T09:03:48.455+0000] {local_task_job_runner.py:120} INFO - ::group::Pre task execution logs
[2026-02-05T09:03:48.487+0000] {taskinstance.py:2076} INFO - Dependencies all met for dep_context=non-requeueable deps ti=<TaskInstance: transfer_from_minio_to_snowflake.create_bronze manual__2026-02-05T08:27:48.859755+00:00 [queued]>
[2026-02-05T09:03:48.492+0000] {taskinstance.py:2076} INFO - Dependencies all met for dep_context=requeueable deps ti=<TaskInstance: transfer_from_minio_to_snowflake.create_bronze manual__2026-02-05T08:27:48.859755+00:00 [queued]>
[2026-02-05T09:03:48.493+0000] {taskinstance.py:2306} INFO - Starting attempt 3 of 3
[2026-02-05T09:03:48.501+0000] {taskinstance.py:2330} INFO - Executing <Task(SQLExecuteQueryOperator): create_bronze> on 2026-02-05 08:27:48.859755+00:00
[2026-02-05T09:03:48.515+0000] {standard_task_runner.py:90} INFO - Running: ['***', 'tasks', 'run', 'transfer_from_minio_to_snowflake', 'create_bronze', 'manual__2026-02-05T08:27:48.859755+00:00', '--job-id', '13', '--raw', '--subdir', 'DAGS_FOLDER/transfer.py', '--cfg-path', '/tmp/tmppfo602u_']
[2026-02-05T09:03:48.520+0000] {standard_task_runner.py:91} INFO - Job 13: Subtask create_bronze
[2026-02-05T09:03:48.524+0000] {logging_mixin.py:188} WARNING - /home/***/.local/lib/python3.12/site-packages/***/task/task_runner/standard_task_runner.py:62 DeprecationWarning: This process (pid=45) is multi-threaded, use of fork() may lead to deadlocks in the child.
[2026-02-05T09:03:48.526+0000] {standard_task_runner.py:64} INFO - Started process 57 to run task
[2026-02-05T09:03:48.567+0000] {task_command.py:426} INFO - Running <TaskInstance: transfer_from_minio_to_snowflake.create_bronze manual__2026-02-05T08:27:48.859755+00:00 [running]> on host 6f158ee43fd5
[2026-02-05T09:03:48.816+0000] {taskinstance.py:2648} INFO - Exporting env vars: AIRFLOW_CTX_DAG_OWNER='***' AIRFLOW_CTX_DAG_ID='transfer_from_minio_to_snowflake' AIRFLOW_CTX_TASK_ID='create_bronze' AIRFLOW_CTX_EXECUTION_DATE='2026-02-05T08:27:48.859755+00:00' AIRFLOW_CTX_TRY_NUMBER='3' AIRFLOW_CTX_DAG_RUN_ID='manual__2026-02-05T08:27:48.859755+00:00'
[2026-02-05T09:03:48.817+0000] {taskinstance.py:430} INFO - ::endgroup::
[2026-02-05T09:03:48.817+0000] {sql.py:282} INFO - Executing:  CREATE TABLE IF NOT EXISTS BRONZE (
                    raw_json VARIANT,
                    inserted_at TIMESTAMP_NTZ DEFAULT CURRENT_TIMESTAMP());
                  
[2026-02-05T09:03:48.818+0000] {crypto.py:82} WARNING - empty cryptography key - values will not be stored encrypted.
[2026-02-05T09:03:48.818+0000] {base.py:84} INFO - Using connection ID 'SNOWFLAKE_DEFAULT' for task execution.
[2026-02-05T09:03:48.857+0000] {base.py:84} INFO - Using connection ID 'SNOWFLAKE_DEFAULT' for task execution.
[2026-02-05T09:03:48.858+0000] {connection.py:611} INFO - Snowflake Connector for Python Version: 4.2.0, Python Version: 3.12.4, Platform: Linux-6.12.67-linuxkit-aarch64-with-glibc2.36
[2026-02-05T09:03:48.858+0000] {connection.py:1695} INFO - Connecting to GLOBAL Snowflake domain
[2026-02-05T09:03:48.863+0000] {taskinstance.py:441} INFO - ::group::Post task execution logs
[2026-02-05T09:03:48.863+0000] {taskinstance.py:2905} ERROR - Task failed with exception
Traceback (most recent call last):
  File "/home/airflow/.local/lib/python3.12/site-packages/airflow/models/taskinstance.py", line 465, in _execute_task
    result = _execute_callable(context=context, **execute_callable_kwargs)
             ^^^^^^^^^^^^^^^^^^^^^^^^^^^^^^^^^^^^^^^^^^^^^^^^^^^^^^^^^^^^^
  File "/home/airflow/.local/lib/python3.12/site-packages/airflow/models/taskinstance.py", line 432, in _execute_callable
    return execute_callable(context=context, **execute_callable_kwargs)
           ^^^^^^^^^^^^^^^^^^^^^^^^^^^^^^^^^^^^^^^^^^^^^^^^^^^^^^^^^^^^
  File "/home/airflow/.local/lib/python3.12/site-packages/airflow/models/baseoperator.py", line 401, in wrapper
    return func(self, *args, **kwargs)
           ^^^^^^^^^^^^^^^^^^^^^^^^^^^
  File "/home/airflow/.local/lib/python3.12/site-packages/airflow/providers/common/sql/operators/sql.py", line 288, in execute
    output = hook.run(
             ^^^^^^^^^
  File "/home/airflow/.local/lib/python3.12/site-packages/airflow/providers/snowflake/hooks/snowflake.py", line 404, in run
    with closing(self.get_conn()) as conn:
                 ^^^^^^^^^^^^^^^
  File "/home/airflow/.local/lib/python3.12/site-packages/airflow/providers/snowflake/hooks/snowflake.py", line 300, in get_conn
    conn = connector.connect(**conn_config)
           ^^^^^^^^^^^^^^^^^^^^^^^^^^^^^^^^
  File "/home/airflow/.local/lib/python3.12/site-packages/snowflake/connector/__init__.py", line 64, in Connect
    return SnowflakeConnection(**kwargs)
           ^^^^^^^^^^^^^^^^^^^^^^^^^^^^^
  File "/home/airflow/.local/lib/python3.12/site-packages/snowflake/connector/connection.py", line 679, in __init__
    self.connect(**kwargs)
  File "/home/airflow/.local/lib/python3.12/site-packages/snowflake/connector/connection.py", line 1112, in connect
    self.__config(**kwargs)
  File "/home/airflow/.local/lib/python3.12/site-packages/snowflake/connector/connection.py", line 1808, in __config
    Error.errorhandler_wrapper(
  File "/home/airflow/.local/lib/python3.12/site-packages/snowflake/connector/errors.py", line 298, in errorhandler_wrapper
    handed_over = Error.hand_to_other_handler(
                  ^^^^^^^^^^^^^^^^^^^^^^^^^^^^
  File "/home/airflow/.local/lib/python3.12/site-packages/snowflake/connector/errors.py", line 361, in hand_to_other_handler
    connection.errorhandler(connection, cursor, error_class, error_value)
  File "/home/airflow/.local/lib/python3.12/site-packages/snowflake/connector/errors.py", line 229, in default_errorhandler
    raise error_class(
snowflake.connector.errors.ProgrammingError: 251001: 251001: Account must be specified
[2026-02-05T09:03:48.874+0000] {taskinstance.py:1206} INFO - Marking task as FAILED. dag_id=transfer_from_minio_to_snowflake, task_id=create_bronze, run_id=manual__2026-02-05T08:27:48.859755+00:00, execution_date=20260205T082748, start_date=20260205T090348, end_date=20260205T090348
[2026-02-05T09:03:48.878+0000] {standard_task_runner.py:110} ERROR - Failed to execute job 13 for task create_bronze (251001: 251001: Account must be specified; 57)
[2026-02-05T09:03:48.919+0000] {local_task_job_runner.py:243} INFO - Task exited with return code 1
[2026-02-05T09:03:48.946+0000] {taskinstance.py:3503} INFO - 0 downstream tasks scheduled from follow-on schedule check
[2026-02-05T09:03:48.949+0000] {local_task_job_runner.py:222} INFO - ::endgroup::
